% 
% column 1 : k (arcmin^{-1}) 
% column 2 : P_1hcs (Jy^2/sr) 
% column 2 : P_1hss (Jy^2/sr) 
% column 3 : P_2h (Jy^2/sr) 
% column 4 : P_1hcs + P_1hss + P_2h (Jy^2/sr) 
% 
  4.62962963e-06        2.49571811e+02        5.95437316e+03    1.91277926e+04    2.53317376e+04
  5.82835833e-06        2.49571767e+02        5.95436064e+03    2.30246913e+04    2.92286237e+04
  7.33746852e-06        2.49571696e+02        5.95434078e+03    2.73518864e+04    3.35557989e+04
  9.23732546e-06        2.49571584e+02        5.95430932e+03    3.19903057e+04    3.81941866e+04
  1.16291037e-05        2.49571405e+02        5.95425649e+03    3.67446598e+04    4.29484877e+04
  1.46401745e-05        2.49571101e+02        5.95412244e+03    4.13314124e+04    4.75351060e+04
  1.84308875e-05        2.49570448e+02        5.95374469e+03    4.53689251e+04    5.15722403e+04
  2.32031125e-05        2.49568939e+02        5.95306758e+03    4.83908237e+04    5.45934603e+04
  2.92109880e-05        2.49566323e+02        5.95230288e+03    4.99715796e+04    5.61734488e+04
  3.67744551e-05        2.49562040e+02        5.95141775e+03    5.01089551e+04    5.63099349e+04
  4.62962963e-05        2.49556087e+02        5.95039915e+03    4.96873162e+04    5.58872715e+04
  5.82835833e-05        2.49548308e+02        5.94903803e+03    5.01671338e+04    5.63657201e+04
  7.33746852e-05        2.49538013e+02        5.94700127e+03    5.25536055e+04    5.87501447e+04
  9.23732546e-05        2.49524181e+02        5.94379503e+03    5.64085466e+04    6.26018658e+04
  1.16291037e-04        2.49503572e+02        5.93874051e+03    5.97154024e+04    6.59036465e+04
  1.46401745e-04        2.49472817e+02        5.93090514e+03    6.40247923e+04    7.02051702e+04
  1.84308875e-04        2.49425890e+02        5.91887353e+03    7.06746413e+04    7.68429407e+04
  2.32031125e-04        2.49354044e+02        5.90063184e+03    7.81629265e+04    8.43129124e+04
  2.92109880e-04        2.49243654e+02        5.87327029e+03    8.78670526e+04    9.39895665e+04
  3.67744551e-04        2.49074219e+02        5.83282080e+03    9.97173776e+04    1.05799273e+05
  4.62962963e-04        2.48816002e+02        5.77517731e+03    1.13429681e+05    1.19453675e+05
  5.82835833e-04        2.48426722e+02        5.69764111e+03    1.28204867e+05    1.34150935e+05
  7.33746852e-04        2.47854460e+02        5.60088962e+03    1.44151331e+05    1.50000075e+05
  9.23732546e-04        2.47044012e+02        5.49101865e+03    1.60612638e+05    1.66350700e+05
  1.16291037e-03        2.45950087e+02        5.37876574e+03    1.75526786e+05    1.81151502e+05
  1.46401745e-03        2.44557350e+02        5.27445849e+03    1.87904772e+05    1.93423788e+05
  1.84308875e-03        2.42887728e+02        5.18223043e+03    1.95619603e+05    2.01044721e+05
  2.32031125e-03        2.40984847e+02        5.09935707e+03    1.95976879e+05    2.01317221e+05
  2.92109880e-03        2.38891278e+02        5.02099369e+03    1.88199128e+05    1.93459013e+05
  3.67744551e-03        2.36638276e+02        4.94307707e+03    1.72338001e+05    1.77517717e+05
  4.62962963e-03        2.34251193e+02        4.86385327e+03    1.50378734e+05    1.55476839e+05
  5.82835833e-03        2.31753058e+02        4.78360478e+03    1.26674000e+05    1.31689358e+05
  7.33746852e-03        2.29163959e+02        4.70288582e+03    1.04089055e+05    1.09021104e+05
  9.23732546e-03        2.26514584e+02        4.62167124e+03    8.35932528e+04    8.84414386e+04
  1.16291037e-02        2.23836378e+02        4.53857811e+03    6.56078544e+04    7.03702688e+04
  1.46401745e-02        2.21155181e+02        4.45132832e+03    4.97021408e+04    5.43746243e+04
  1.84308875e-02        2.18478977e+02        4.35655544e+03    3.48565290e+04    3.94315634e+04
  2.32031125e-02        2.15781653e+02        4.24984344e+03    2.43127498e+04    2.87783749e+04
  2.92109880e-02        2.13012799e+02        4.12536301e+03    1.65748553e+04    2.09132311e+04
  3.67744551e-02        2.10121626e+02        3.97586963e+03    1.08880448e+04    1.50740361e+04
  4.62962963e-02        2.07067176e+02        3.79354957e+03    7.03657378e+03    1.10371905e+04
  5.82835833e-02        2.03737248e+02        3.57195611e+03    4.44275333e+03    8.21844668e+03
  7.33746852e-02        1.99987655e+02        3.30844884e+03    2.74458026e+03    6.25301676e+03
  9.23732546e-02        1.95643205e+02        3.00644724e+03    1.66135394e+03    4.86344438e+03
  1.16291037e-01        1.90494464e+02        2.67632317e+03    9.84787826e+02    3.85160546e+03
  1.46401745e-01        1.84318186e+02        2.33270382e+03    5.70938953e+02    3.08796096e+03
  1.84308875e-01        1.76906237e+02        1.99023251e+03    3.23151690e+02    2.49029044e+03
  2.32031125e-01        1.68094114e+02        1.66031103e+03    1.78084863e+02    2.00649001e+03
  2.92109880e-01        1.57763323e+02        1.35077952e+03    9.51850414e+01    1.60372789e+03
  3.67744551e-01        1.45885448e+02        1.06793228e+03    4.90998063e+01    1.26291753e+03
  4.62962963e-01        1.32533983e+02        8.17173118e+02    2.42865089e+01    9.73993610e+02
  5.82835833e-01        1.17912244e+02        6.02785862e+02    1.14311493e+01    7.32129255e+02
  7.33746852e-01        1.02460946e+02        4.27132770e+02    5.08044849e+00    5.34674165e+02
  9.23732546e-01        8.67904391e+01        2.89900781e+02    2.11591061e+00    3.78807131e+02
  1.16291037e+00        7.16536936e+01        1.88236920e+02    8.21970122e-01    2.60712583e+02
  1.46401745e+00        5.78292535e+01        1.17183223e+02    2.98730921e-01    1.75311208e+02
  1.84308875e+00        4.58901570e+01        7.04795879e+01    1.03191054e-01    1.16472936e+02
  2.32031125e+00        3.60311571e+01        4.14861214e+01    3.47852850e-02    7.75520638e+01
  2.92109880e+00        2.80010525e+01        2.40634977e+01    1.15987011e-02    5.20761490e+01
  3.67744551e+00        2.13371504e+01        1.35576336e+01    3.72927259e-03    3.48985132e+01
  4.62962963e+00        1.58400805e+01        7.25131418e+00    1.12043137e-03    2.30925151e+01
